<?xml version="1.0" encoding="UTF-8"?>
<testng-results ignored="0" total="1" passed="1" failed="0" skipped="0">
  <reporter-output>
  </reporter-output>
  <suite started-at="2021-01-31T15:44:20 IST" name="Suite5" finished-at="2021-01-31T15:44:33 IST" duration-ms="13167">
    <groups>
    </groups>
    <test started-at="2021-01-31T15:44:20 IST" name="storetest" finished-at="2021-01-31T15:44:33 IST" duration-ms="13167">
      <class name="tc.tc_storehomepage">
        <test-method signature="s1test()[pri:0, instance:tc.tc_storehomepage@5f683daf]" started-at="2021-01-31T15:44:20 IST" name="s1test" finished-at="2021-01-31T15:44:33 IST" duration-ms="13109" status="PASS">
          <reporter-output>
          </reporter-output>
        </test-method> <!-- s1test -->
      </class> <!-- tc.tc_storehomepage -->
    </test> <!-- storetest -->
  </suite> <!-- Suite5 -->
</testng-results>
