<?xml version="1.0" encoding="UTF-8"?>
<testng-results ignored="0" total="1" passed="1" failed="0" skipped="0">
  <reporter-output>
  </reporter-output>
  <suite started-at="2021-02-01T16:25:30 IST" name="Suite5" finished-at="2021-02-01T16:25:42 IST" duration-ms="11831">
    <groups>
    </groups>
    <test started-at="2021-02-01T16:25:30 IST" name="storetest" finished-at="2021-02-01T16:25:42 IST" duration-ms="11831">
      <class name="tc.tc_storehomepage">
        <test-method signature="s1test()[pri:0, instance:tc.tc_storehomepage@49c7b90e]" started-at="2021-02-01T16:25:30 IST" name="s1test" finished-at="2021-02-01T16:25:42 IST" duration-ms="11748" status="PASS">
          <reporter-output>
          </reporter-output>
        </test-method> <!-- s1test -->
      </class> <!-- tc.tc_storehomepage -->
    </test> <!-- storetest -->
  </suite> <!-- Suite5 -->
</testng-results>
